Determining if the pthread_create exist failed with the following output:
Change Dir: /home/mateus/challenger1_ws/build/CMakeFiles/CMakeTmp

Run Build Command:"/usr/bin/make" "cmTC_8b82d/fast"
/usr/bin/make -f CMakeFiles/cmTC_8b82d.dir/build.make CMakeFiles/cmTC_8b82d.dir/build
make[1]: Entering directory '/home/mateus/challenger1_ws/build/CMakeFiles/CMakeTmp'
Building C object CMakeFiles/cmTC_8b82d.dir/CheckSymbolExists.c.o
/usr/bin/cc    -o CMakeFiles/cmTC_8b82d.dir/CheckSymbolExists.c.o   -c /home/mateus/challenger1_ws/build/CMakeFiles/CMakeTmp/CheckSymbolExists.c
Linking C executable cmTC_8b82d
/usr/bin/cmake -E cmake_link_script CMakeFiles/cmTC_8b82d.dir/link.txt --verbose=1
/usr/bin/cc      -rdynamic CMakeFiles/cmTC_8b82d.dir/CheckSymbolExists.c.o  -o cmTC_8b82d 
CMakeFiles/cmTC_8b82d.dir/CheckSymbolExists.c.o: In function `main':
CheckSymbolExists.c:(.text+0x1b): undefined reference to `pthread_create'
collect2: error: ld returned 1 exit status
CMakeFiles/cmTC_8b82d.dir/build.make:97: recipe for target 'cmTC_8b82d' failed
make[1]: *** [cmTC_8b82d] Error 1
make[1]: Leaving directory '/home/mateus/challenger1_ws/build/CMakeFiles/CMakeTmp'
Makefile:126: recipe for target 'cmTC_8b82d/fast' failed
make: *** [cmTC_8b82d/fast] Error 2

File /home/mateus/challenger1_ws/build/CMakeFiles/CMakeTmp/CheckSymbolExists.c:
/* */
#include <pthread.h>

int main(int argc, char** argv)
{
  (void)argv;
#ifndef pthread_create
  return ((int*)(&pthread_create))[argc];
#else
  (void)argc;
  return 0;
#endif
}

Determining if the function pthread_create exists in the pthreads failed with the following output:
Change Dir: /home/mateus/challenger1_ws/build/CMakeFiles/CMakeTmp

Run Build Command:"/usr/bin/make" "cmTC_fabbb/fast"
/usr/bin/make -f CMakeFiles/cmTC_fabbb.dir/build.make CMakeFiles/cmTC_fabbb.dir/build
make[1]: Entering directory '/home/mateus/challenger1_ws/build/CMakeFiles/CMakeTmp'
Building C object CMakeFiles/cmTC_fabbb.dir/CheckFunctionExists.c.o
/usr/bin/cc   -DCHECK_FUNCTION_EXISTS=pthread_create   -o CMakeFiles/cmTC_fabbb.dir/CheckFunctionExists.c.o   -c /usr/share/cmake-3.10/Modules/CheckFunctionExists.c
Linking C executable cmTC_fabbb
/usr/bin/cmake -E cmake_link_script CMakeFiles/cmTC_fabbb.dir/link.txt --verbose=1
/usr/bin/cc  -DCHECK_FUNCTION_EXISTS=pthread_create    -rdynamic CMakeFiles/cmTC_fabbb.dir/CheckFunctionExists.c.o  -o cmTC_fabbb -lpthreads 
/usr/bin/ld: cannot find -lpthreads
collect2: error: ld returned 1 exit status
CMakeFiles/cmTC_fabbb.dir/build.make:97: recipe for target 'cmTC_fabbb' failed
make[1]: *** [cmTC_fabbb] Error 1
make[1]: Leaving directory '/home/mateus/challenger1_ws/build/CMakeFiles/CMakeTmp'
Makefile:126: recipe for target 'cmTC_fabbb/fast' failed
make: *** [cmTC_fabbb/fast] Error 2


